{
  "0 debug pnpm:scope": {
    "selected": 1
  },
  "1 error pnpm": {
    "code": "ELIFECYCLE",
    "errno": "ENOENT",
    "syscall": "spawn",
    "file": "sh",
    "pkgid": "solid-start-devtools@",
    "stage": "dev",
    "script": "solid-start dev",
    "pkgname": "solid-start-devtools",
    "err": {
      "name": "pnpm",
      "message": "solid-start-devtools@ dev: `solid-start dev`\nspawn ENOENT",
      "code": "ELIFECYCLE",
      "stack": "pnpm: solid-start-devtools@ dev: `solid-start dev`\nspawn ENOENT\n    at ChildProcess.<anonymous> (/Users/aryandeora/.cache/node/corepack/pnpm/7.1.2/dist/pnpm.cjs:93455:22)\n    at ChildProcess.emit (node:events:513:28)\n    at maybeClose (node:internal/child_process:1100:16)\n    at Process.ChildProcess._handle.onexit (node:internal/child_process:304:5)"
    }
  },
  "2 warn pnpm:global": " Local package.json exists, but node_modules missing, did you mean to install?"
}